make all --print-data-base --no-builtin-variables --no-builtin-rules --question
make: *** No rule to make target 'all'.  Stop.

# GNU Make 4.3
# Built for x86_64-pc-linux-gnu
# Copyright (C) 1988-2020 Free Software Foundation, Inc.
# License GPLv3+: GNU GPL version 3 or later <http://gnu.org/licenses/gpl.html>
# This is free software: you are free to change and redistribute it.
# There is NO WARRANTY, to the extent permitted by law.

# Make data base, printed on Fri May 27 22:12:39 2022

# Variables

# environment
GDK_BACKEND = x11
# environment
LC_ALL = C
# environment
GNOME_SHELL_SESSION_MODE = ubuntu
# environment
SSH_AGENT_LAUNCHER = gnome-keyring
# environment
SNAP_INSTANCE_KEY = 
# environment
GJS_DEBUG_OUTPUT = stderr
# environment
VSCODE_IPC_HOOK_EXTHOST = /run/user/1000/vscode-ipc-101b9e4b-b6d9-4225-8d37-83eb92198c53.sock
# environment
LC_NAME = id_ID.UTF-8
# environment
LC_NUMERIC = id_ID.UTF-8
# environment
VSCODE_CWD = /home/steins-gate
# environment
WINDOWPATH = 2
# environment
LC_ADDRESS = id_ID.UTF-8
# default
MAKE_COMMAND := make
# environment
QT_ACCESSIBILITY = 1
# automatic
@D = $(patsubst %/,%,$(dir $@))
# environment
SNAP_INSTANCE_NAME = code
# environment
GDK_PIXBUF_MODULEDIR = /snap/code/97/usr/lib/x86_64-linux-gnu/gdk-pixbuf-2.0/2.10.0/loaders
# environment
VSCODE_HANDLES_UNCAUGHT_ERRORS = true
# default
.VARIABLES := 
# environment
PWD = /home/steins-gate/Desktop/Hands-On-4-Docker2
# automatic
%D = $(patsubst %/,%,$(dir $%))
# environment
XDG_DATA_DIRS = /usr/share/ubuntu:/usr/share/gnome:/usr/local/share/:/usr/share/:/var/lib/snapd/desktop
# automatic
^D = $(patsubst %/,%,$(dir $^))
# environment
VSCODE_LOG_STACK = false
# automatic
%F = $(notdir $%)
# environment
VSCODE_CODE_CACHE_PATH = /home/steins-gate/.config/Code/CachedData/c3511e6c69bb39013c4a4b7b9566ec1ca73fc4d5
# environment
LANG = C
# environment
XAUTHORITY = /run/user/1000/gdm/Xauthority
# default
.LOADED := 
# default
.INCLUDE_DIRS = /usr/local/include /usr/include /usr/include
# makefile
MAKEFLAGS = pqrR
# makefile
CURDIR := /home/steins-gate/Desktop/Hands-On-4-Docker2
# environment
VSCODE_PIPE_LOGGING = true
# environment
APPLICATION_INSIGHTS_NO_DIAGNOSTIC_CHANNEL = 1
# environment
LESSOPEN = | /usr/bin/lesspipe %s
# automatic
*D = $(patsubst %/,%,$(dir $*))
# environment
MFLAGS = -pqrR
# environment
SSH_AUTH_SOCK = /run/user/1000/keyring/ssh
# default
.SHELLFLAGS := -c
# environment
XDG_CONFIG_DIRS = /etc/xdg/xdg-ubuntu:/etc/xdg
# automatic
+D = $(patsubst %/,%,$(dir $+))
# environment
XDG_SESSION_DESKTOP = ubuntu
# makefile (from 'Makefile', line 1)
MAKEFILE_LIST := Makefile
# environment
SNAP_REEXEC = 
# automatic
@F = $(notdir $@)
# environment
VSCODE_VERBOSE_LOGGING = true
# environment
VSCODE_PID = 84237
# environment
XDG_SESSION_TYPE = x11
# automatic
?D = $(patsubst %/,%,$(dir $?))
# environment
BAMF_DESKTOP_FILE_HINT = /var/lib/snapd/desktop/applications/code_code.desktop
# environment
SESSION_MANAGER = local/Nitro-AN515-51:@/tmp/.ICE-unix/2987,unix/Nitro-AN515-51:/tmp/.ICE-unix/2987
# automatic
*F = $(notdir $*)
# environment
CHROME_DESKTOP = code-url-handler.desktop
# environment
DBUS_SESSION_BUS_ADDRESS = unix:path=/run/user/1000/bus
# automatic
<D = $(patsubst %/,%,$(dir $<))
# environment
VSCODE_NLS_CONFIG = {"locale":"en-us","availableLanguages":{},"_languagePackSupport":true}
# default
MAKE_HOST := x86_64-pc-linux-gnu
# environment
GNOME_DESKTOP_SESSION_ID = this-is-deprecated
# makefile
SHELL = /bin/sh
# default
MAKECMDGOALS := all
# environment
XMODIFIERS = @im=ibus
# environment
GJS_DEBUG_TOPICS = JS ERROR;JS LOG
# environment
SHLVL = 0
# environment
MAKELEVEL := 0
# default
MAKE = $(MAKE_COMMAND)
# environment
SNAP_COOKIE = WxAzbv6t3D0dnO9kgL-vbcJxKTl7Dd0XmsCBwdQccwZRNxSZMftR
# environment
PATH = /home/steins-gate/.local/bin:/home/steins-gate/.local/bin:/usr/local/sbin:/usr/local/bin:/usr/sbin:/usr/bin:/sbin:/bin:/usr/games:/usr/local/games:/snap/bin:/snap/bin
# default
MAKEFILES := 
# environment
LC_MONETARY = id_ID.UTF-8
# automatic
^F = $(notdir $^)
# environment
SNAP_USER_COMMON = /home/steins-gate/snap/code/common
# environment
LC_TIME = id_ID.UTF-8
# environment
SNAP = /snap/code/97
# environment
INVOCATION_ID = 53bb37f53eb74fad983dbf4c8753810d
# environment
SNAP_REVISION = 97
# environment
SNAP_REAL_HOME = /home/steins-gate
# environment
VSCODE_LOG_NATIVE = false
# environment
USERNAME = steins-gate
# environment
LC_TELEPHONE = id_ID.UTF-8
# environment
LESSCLOSE = /usr/bin/lesspipe %s %s
# automatic
?F = $(notdir $?)
# environment
XDG_CURRENT_DESKTOP = Unity
# environment
LS_COLORS = 
# automatic
+F = $(notdir $+)
# environment
DESKTOP_SESSION = ubuntu
# environment
ORIGINAL_XDG_CURRENT_DESKTOP = ubuntu:GNOME
# 'override' directive
GNUMAKEFLAGS := 
# environment
LOGNAME = steins-gate
# environment
GIO_LAUNCHED_DESKTOP_FILE = /var/lib/snapd/desktop/applications/code_code.desktop
# environment
SNAP_ARCH = amd64
# makefile
.DEFAULT_GOAL := build-handson4
# environment
SYSTEMD_EXEC_PID = 3014
# environment
DISPLAY = :1
# environment
USER = steins-gate
# environment
GTK_MODULES = gail:atk-bridge
# default
MAKE_VERSION := 4.3
# environment
DISABLE_WAYLAND = 1
# environment
SNAP_DATA = /var/snap/code/97
# environment
SNAP_CONTEXT = WxAzbv6t3D0dnO9kgL-vbcJxKTl7Dd0XmsCBwdQccwZRNxSZMftR
# environment
MANAGERPID = 2634
# environment
LC_MEASUREMENT = id_ID.UTF-8
# environment
GIO_LAUNCHED_DESKTOP_FILE_PID = 84189
# environment
_ = /snap/code/97/usr/share/code/code
# environment
LC_PAPER = id_ID.UTF-8
# environment
XDG_RUNTIME_DIR = /run/user/1000
# environment
GPG_AGENT_INFO = /run/user/1000/gnupg/S.gpg-agent:0:1
# environment
GDK_PIXBUF_MODULE_FILE = /home/steins-gate/snap/code/common/.cache/gdk-pixbuf-loaders.cache
# environment
JOURNAL_STREAM = 8:35756
# environment
XDG_SESSION_CLASS = user
# environment
VSCODE_AMD_ENTRYPOINT = vs/workbench/api/node/extensionHostProcess
# environment
HOME = /home/steins-gate
# environment
QT_IM_MODULE = ibus
# environment
ELECTRON_RUN_AS_NODE = 1
# environment
VSCODE_IPC_HOOK = /run/user/1000/vscode-66041626-1.67.2-main.sock
# environment
SNAP_NAME = code
# environment
GSETTINGS_SCHEMA_DIR = /snap/code/97/usr/share/glib-2.0/schemas
# default
.RECIPEPREFIX := 
# automatic
<F = $(notdir $<)
# environment
SNAP_VERSION = c3511e6c
# default
SUFFIXES := 
# environment
VSCODE_CLI = 1
# environment
ELECTRON_NO_ATTACH_CONSOLE = 1
# environment
SNAP_COMMON = /var/snap/code/common
# default
.FEATURES := target-specific order-only second-expansion else-if shortest-stem undefine oneshell nocomment grouped-target extra-prereqs archives jobserver output-sync check-symlink load
# environment
SNAP_USER_DATA = /home/steins-gate/snap/code/97
# environment
XDG_MENU_PREFIX = gnome-
# environment
GDMSESSION = ubuntu
# environment
LC_IDENTIFICATION = id_ID.UTF-8
# environment
SNAP_LIBRARY_PATH = /var/lib/snapd/lib/gl:/var/lib/snapd/lib/gl32:/var/lib/snapd/void
# variable set hash-table stats:
# Load=129/1024=13%, Rehash=0, Collisions=5/159=3%

# Pattern-specific Variable Values

# No pattern-specific variable values.

# Directories

# . (device 2071, inode 5767205): 12 files, no impossibilities.

 
# 12 files, no impossibilities in 1 directories.

# Implicit Rules

# No implicit rules.

# Files

run-windows:
#  Implicit rule search has not been done.
#  Modification time never checked.
#  File has not been updated.
#  recipe to execute (from 'Makefile', line 8):
	docker run --privileged -it --rm --cap-add=SYS_PTRACE -u 1000:1000 -e DISPLAY=127.0.0.1:0.0 -v %userprofile%\Downloads:/home/docker handson4

run-linux: xhost
#  Implicit rule search has not been done.
#  Modification time never checked.
#  File has not been updated.
#  recipe to execute (from 'Makefile', line 11):
	docker run --privileged -it --rm \
	--cap-add=SYS_PTRACE \
	-u 1000:1000 \
	-v /tmp/.X11-unix:/tmp/.X11-unix \
	-e DISPLAY \
	-v /run/dbus:/run/dbus \
	-v /dev/shm:/dev/shm \
	--device /dev/snd \
	--device /dev/dri \
	-e PULSE_SERVER=unix:${XDG_RUNTIME_DIR}/pulse/native \
	-v ${XDG_RUNTIME_DIR}/pulse/native:${XDG_RUNTIME_DIR}/pulse/native \
	-v /run/user/1000/pulse:/run/user/1000/pulse \
	-v /var/run/dbus:/var/run/dbus \
	-v ~/Downloads:/home/docker \
	handson4

# Not a target:
Makefile:
#  Implicit rule search has been done.
#  Last modified 2022-05-27 22:07:11.358191443
#  File has been updated.
#  Successfully updated.

run-mac: xhost
#  Implicit rule search has not been done.
#  Modification time never checked.
#  File has not been updated.
#  recipe to execute (from 'Makefile', line 28):
	docker run --privileged -it --rm -u 1000:1000 \
	--cap-add=SYS_PTRACE \
	-v /tmp/.X11-unix:/tmp/.X11-unix \
	-e DISPLAY=docker.for.mac.host.internal:0 \
	-v ~/.config/pulse:/run/user/1000/pulse \
	-v ~/Downloads:/home/docker \
	handson4

xhost:
#  Implicit rule search has not been done.
#  Modification time never checked.
#  File has not been updated.
#  recipe to execute (from 'Makefile', line 5):
	xhost +	

# Not a target:
.DEFAULT:
#  Implicit rule search has not been done.
#  Modification time never checked.
#  File has not been updated.

build-handson4:
#  Implicit rule search has not been done.
#  Modification time never checked.
#  File has not been updated.
#  recipe to execute (from 'Makefile', line 2):
	docker build . -t handson4

# Not a target:
all:
#  Command line target.
#  Implicit rule search has been done.
#  File does not exist.
#  File has not been updated.

# files hash-table stats:
# Load=9/1024=1%, Rehash=0, Collisions=0/21=0%
# VPATH Search Paths

# No 'vpath' search paths.

# No general ('VPATH' variable) search path.

# strcache buffers: 1 (0) / strings = 22 / storage = 201 B / avg = 9 B
# current buf: size = 8162 B / used = 201 B / count = 22 / avg = 9 B

# strcache performance: lookups = 33 / hit rate = 33%
# hash-table stats:
# Load=22/8192=0%, Rehash=0, Collisions=0/33=0%
# Finished Make data base on Fri May 27 22:12:39 2022

 
